2021-02-23 === [main] === INFO  === c.i.s.SpringBoot03LoggingApplication ==== Starting SpringBoot03LoggingApplication on ICBCOEM-5L2DR73 with PID 17476 (C:\ideaProject\springboot-base\spring-boot-03-logging\target\classes started by ICBC in C:\ideaProject\springboot-base\spring-boot-03-logging)
2021-02-23 === [main] === DEBUG === c.i.s.SpringBoot03LoggingApplication ==== Running with Spring Boot v1.5.9.RELEASE, Spring v4.3.13.RELEASE
2021-02-23 === [main] === INFO  === c.i.s.SpringBoot03LoggingApplication ==== No active profile set, falling back to default profiles: default
2021-02-23 === [main] === INFO  === o.s.b.c.e.AnnotationConfigEmbeddedWebApplicationContext ==== Refreshing org.springframework.boot.context.embedded.AnnotationConfigEmbeddedWebApplicationContext@4461c7e3: startup date [Tue Feb 23 10:59:03 CST 2021]; root of context hierarchy
2021-02-23 === [main] === INFO  === o.s.b.c.e.tomcat.TomcatEmbeddedServletContainer ==== Tomcat initialized with port(s): 8080 (http)
2021-02-23 === [main] === INFO  === org.apache.catalina.core.StandardService ==== Starting service [Tomcat]
2021-02-23 === [main] === INFO  === org.apache.catalina.core.StandardEngine ==== Starting Servlet Engine: Apache Tomcat/8.5.23
2021-02-23 === [localhost-startStop-1] === INFO  === o.a.c.core.ContainerBase.[Tomcat].[localhost].[/] ==== Initializing Spring embedded WebApplicationContext
2021-02-23 === [localhost-startStop-1] === INFO  === org.springframework.web.context.ContextLoader ==== Root WebApplicationContext: initialization completed in 947 ms
2021-02-23 === [localhost-startStop-1] === INFO  === o.s.boot.web.servlet.ServletRegistrationBean ==== Mapping servlet: 'dispatcherServlet' to [/]
2021-02-23 === [localhost-startStop-1] === INFO  === o.s.boot.web.servlet.FilterRegistrationBean ==== Mapping filter: 'characterEncodingFilter' to: [/*]
2021-02-23 === [localhost-startStop-1] === INFO  === o.s.boot.web.servlet.FilterRegistrationBean ==== Mapping filter: 'hiddenHttpMethodFilter' to: [/*]
2021-02-23 === [localhost-startStop-1] === INFO  === o.s.boot.web.servlet.FilterRegistrationBean ==== Mapping filter: 'httpPutFormContentFilter' to: [/*]
2021-02-23 === [localhost-startStop-1] === INFO  === o.s.boot.web.servlet.FilterRegistrationBean ==== Mapping filter: 'requestContextFilter' to: [/*]
2021-02-23 === [main] === INFO  === o.s.w.s.m.m.a.RequestMappingHandlerAdapter ==== Looking for @ControllerAdvice: org.springframework.boot.context.embedded.AnnotationConfigEmbeddedWebApplicationContext@4461c7e3: startup date [Tue Feb 23 10:59:03 CST 2021]; root of context hierarchy
2021-02-23 === [main] === INFO  === o.s.w.s.m.m.a.RequestMappingHandlerMapping ==== Mapped "{[/error]}" onto public org.springframework.http.ResponseEntity<java.util.Map<java.lang.String, java.lang.Object>> org.springframework.boot.autoconfigure.web.BasicErrorController.error(javax.servlet.http.HttpServletRequest)
2021-02-23 === [main] === INFO  === o.s.w.s.m.m.a.RequestMappingHandlerMapping ==== Mapped "{[/error],produces=[text/html]}" onto public org.springframework.web.servlet.ModelAndView org.springframework.boot.autoconfigure.web.BasicErrorController.errorHtml(javax.servlet.http.HttpServletRequest,javax.servlet.http.HttpServletResponse)
2021-02-23 === [main] === INFO  === o.s.web.servlet.handler.SimpleUrlHandlerMapping ==== Mapped URL path [/webjars/**] onto handler of type [class org.springframework.web.servlet.resource.ResourceHttpRequestHandler]
2021-02-23 === [main] === INFO  === o.s.web.servlet.handler.SimpleUrlHandlerMapping ==== Mapped URL path [/**] onto handler of type [class org.springframework.web.servlet.resource.ResourceHttpRequestHandler]
2021-02-23 === [main] === INFO  === o.s.web.servlet.handler.SimpleUrlHandlerMapping ==== Mapped URL path [/**/favicon.ico] onto handler of type [class org.springframework.web.servlet.resource.ResourceHttpRequestHandler]
2021-02-23 === [main] === INFO  === o.s.jmx.export.annotation.AnnotationMBeanExporter ==== Registering beans for JMX exposure on startup
2021-02-23 === [main] === INFO  === o.s.b.c.e.tomcat.TomcatEmbeddedServletContainer ==== Tomcat started on port(s): 8080 (http)
2021-02-23 === [main] === INFO  === c.i.s.SpringBoot03LoggingApplication ==== Started SpringBoot03LoggingApplication in 1.711 seconds (JVM running for 3.16)
